C:\Program Files (x86)\Microsoft Visual Studio\2017\Enterprise\Common7\IDE\VC\VCTargets\Microsoft.CppBuild.targets(944,5): warning MSB8027: Two or more files with the name of FileSystem.cpp will produce outputs to the same location. This can lead to an incorrect build result.  The files involved are depends\common\FileSystem.cpp, libUtils\FileSystem.cpp.
  Constants.cpp
d:\github\zilliqa-crypto\cw\depends\common\fixedhash.h(29): fatal error C1083: Cannot open include file: 'boost/functional/hash.hpp': No such file or directory
  src.cpp
  This file is deprecated. Please #include <boost/asio/impl/src.hpp> instead.
d:\github\zilliqa-crypto\cw\depends\boost\asio\impl\src.cpp(25): fatal error C1083: Cannot open include file: 'boost/asio/impl/src.hpp': No such file or directory
  create_tables.cpp
d:\github\zilliqa-crypto\cw\depends\boost\spirit\home\support\char_encoding\unicode\create_tables.cpp(7): fatal error C1083: Cannot open include file: 'boost/config/warning_disable.hpp': No such file or directory
  Common.cpp
d:\github\zilliqa-crypto\cw\libutils\logger.h(28): fatal error C1083: Cannot open include file: 'common/BaseType.h': No such file or directory
  CommonData.cpp
d:\github\zilliqa-crypto\cw\libutils\logger.h(28): fatal error C1083: Cannot open include file: 'common/BaseType.h': No such file or directory
  CommonIO.cpp
d:\github\zilliqa-crypto\cw\libutils\logger.h(28): fatal error C1083: Cannot open include file: 'common/BaseType.h': No such file or directory
  FileSystem.cpp
d:\github\zilliqa-crypto\cw\libutils\logger.h(28): fatal error C1083: Cannot open include file: 'common/BaseType.h': No such file or directory
  FixedHash.cpp
d:\github\zilliqa-crypto\cw\depends\common\fixedhash.h(29): fatal error C1083: Cannot open include file: 'boost/functional/hash.hpp': No such file or directory
  Miner.cpp
d:\github\zilliqa-crypto\cw\depends\common\miner.h(28): fatal error C1083: Cannot open include file: 'boost/timer.hpp': No such file or directory
  RLP.cpp
d:\github\zilliqa-crypto\cw\libutils\logger.h(28): fatal error C1083: Cannot open include file: 'common/BaseType.h': No such file or directory
  SHA3.cpp
d:\github\zilliqa-crypto\cw\libutils\logger.h(28): fatal error C1083: Cannot open include file: 'common/BaseType.h': No such file or directory
  crashhandler_unix.cpp
d:\github\zilliqa-crypto\cw\depends\g3log\g3log\loglevels.hpp(10): fatal error C1083: Cannot open include file: 'g3log/generated_definitions.hpp': No such file or directory
  crashhandler_windows.cpp
d:\github\zilliqa-crypto\cw\depends\g3log\g3log\loglevels.hpp(10): fatal error C1083: Cannot open include file: 'g3log/generated_definitions.hpp': No such file or directory
  filesink.cpp
d:\github\zilliqa-crypto\cw\depends\g3log\g3log\loglevels.hpp(10): fatal error C1083: Cannot open include file: 'g3log/generated_definitions.hpp': No such file or directory
  g3log.cpp
d:\github\zilliqa-crypto\cw\depends\g3log\g3log\loglevels.hpp(10): fatal error C1083: Cannot open include file: 'g3log/generated_definitions.hpp': No such file or directory
  logcapture.cpp
d:\github\zilliqa-crypto\cw\depends\g3log\g3log\loglevels.hpp(10): fatal error C1083: Cannot open include file: 'g3log/generated_definitions.hpp': No such file or directory
  loglevels.cpp
d:\github\zilliqa-crypto\cw\depends\g3log\g3log\loglevels.hpp(10): fatal error C1083: Cannot open include file: 'g3log/generated_definitions.hpp': No such file or directory
  logmessage.cpp
d:\github\zilliqa-crypto\cw\depends\g3log\g3log\loglevels.hpp(10): fatal error C1083: Cannot open include file: 'g3log/generated_definitions.hpp': No such file or directory
  logworker.cpp
d:\github\zilliqa-crypto\cw\depends\g3log\g3log\loglevels.hpp(10): fatal error C1083: Cannot open include file: 'g3log/generated_definitions.hpp': No such file or directory
  stacktrace_windows.cpp
d:\github\zilliqa-crypto\cw\depends\g3log\g3log\loglevels.hpp(10): fatal error C1083: Cannot open include file: 'g3log/generated_definitions.hpp': No such file or directory
  Generating Code...
  Compiling...
  time.cpp
  LevelDB.cpp
d:\github\zilliqa-crypto\cw\depends\libdatabase\leveldb.cpp(20): fatal error C1083: Cannot open include file: 'boost/filesystem.hpp': No such file or directory
  MemoryDB.cpp
d:\github\zilliqa-crypto\cw\depends\libdatabase\memorydb.cpp(20): fatal error C1083: Cannot open include file: 'depends/common/Common.h': No such file or directory
  OverlayDB.cpp
d:\github\zilliqa-crypto\cw\depends\libdatabase\overlaydb.cpp(22): fatal error C1083: Cannot open include file: 'boost/filesystem.hpp': No such file or directory
  CLMiner.cpp
d:\github\zilliqa-crypto\cw\depends\libethash-cl\clminer.h(10): fatal error C1083: Cannot open include file: 'common/Miner.h': No such file or directory
  CUDAMiner.cpp
d:\github\zilliqa-crypto\cw\depends\libethash-cuda\ethash_cuda_miner_kernel.h(7): fatal error C1083: Cannot open include file: 'cuda_runtime.h': No such file or directory
  ethash.cpp
d:\github\zilliqa-crypto\cw\depends\libethash\lib\ethash\ethash-internal.hpp(11): fatal error C1083: Cannot open include file: 'ethash/ethash.hpp': No such file or directory
  managed.cpp
d:\github\zilliqa-crypto\cw\depends\libethash\lib\ethash\ethash-internal.hpp(11): fatal error C1083: Cannot open include file: 'ethash/ethash.hpp': No such file or directory
  Trie.cpp
  TrieCommon.cpp
d:\github\zilliqa-crypto\cw\depends\libtrie\triecommon.h(23): fatal error C1083: Cannot open include file: 'depends/common/Common.h': No such file or directory
  TrieHash.cpp
d:\github\zilliqa-crypto\cw\depends\libtrie\triehash.h(27): fatal error C1083: Cannot open include file: 'depends/common/FixedHash.h': No such file or directory
  nat.cpp
d:\github\zilliqa-crypto\cw\depends\nat\nat.cpp(22): fatal error C1083: Cannot open include file: 'miniupnpc/miniupnpc.h': No such file or directory
  safehttpserver.cpp
d:\github\zilliqa-crypto\cw\depends\safeserver\safehttpserver.h(29): fatal error C1083: Cannot open include file: 'microhttpd.h': No such file or directory
  safelinuxtcpsocketserver.cpp
d:\github\zilliqa-crypto\cw\depends\safeserver\safelinuxtcpsocketserver.h(16): fatal error C1083: Cannot open include file: 'unistd.h': No such file or directory
  safetcpsocketserver.cpp
d:\github\zilliqa-crypto\cw\depends\safeserver\safetcpsocketserver.h(13): fatal error C1083: Cannot open include file: 'jsonrpccpp/server/abstractserverconnector.h': No such file or directory
  BIGNUMSerialize.cpp
d:\github\zilliqa-crypto\cw\libcrypto\bignumserialize.cpp(18): fatal error C1083: Cannot open include file: 'openssl/bn.h': No such file or directory
  ECPOINTSerialize.cpp
d:\github\zilliqa-crypto\cw\libcrypto\ecpointserialize.cpp(18): fatal error C1083: Cannot open include file: 'openssl/bn.h': No such file or directory
  MultiSig.cpp
d:\github\zilliqa-crypto\cw\libcrypto\schnorr.h(21): fatal error C1083: Cannot open include file: 'openssl/bn.h': No such file or directory
  PrivKey.cpp
d:\github\zilliqa-crypto\cw\libcrypto\privkey.cpp(18): fatal error C1083: Cannot open include file: 'openssl/bn.h': No such file or directory
  PubKey.cpp
d:\github\zilliqa-crypto\cw\libcrypto\pubkey.cpp(18): fatal error C1083: Cannot open include file: 'openssl/bn.h': No such file or directory
  Generating Code...
  Compiling...
  Schnorr.cpp
d:\github\zilliqa-crypto\cw\libcrypto\schnorr.cpp(24): fatal error C1083: Cannot open include file: 'openssl/err.h': No such file or directory
  Signature.cpp
d:\github\zilliqa-crypto\cw\libcrypto\signature.cpp(18): fatal error C1083: Cannot open include file: 'openssl/bn.h': No such file or directory
  BitVector.cpp
d:\github\zilliqa-crypto\cw\libutils\bitvector.h(21): fatal error C1083: Cannot open include file: 'common/BaseType.h': No such file or directory
  DataConversion.cpp
d:\github\zilliqa-crypto\cw\libutils\dataconversion.h(22): fatal error C1083: Cannot open include file: 'boost/algorithm/hex.hpp': No such file or directory
  FileSystem.cpp
d:\github\zilliqa-crypto\cw\libutils\filesystem.h(21): fatal error C1083: Cannot open include file: 'boost/filesystem.hpp': No such file or directory
  IPConverter.cpp
d:\github\zilliqa-crypto\cw\libutils\ipconverter.h(21): fatal error C1083: Cannot open include file: 'common/BaseType.h': No such file or directory
  Logger.cpp
d:\github\zilliqa-crypto\cw\libutils\logger.h(28): fatal error C1083: Cannot open include file: 'common/BaseType.h': No such file or directory
  RootComputation.cpp
d:\github\zilliqa-crypto\cw\libutils\rootcomputation.h(25): warning C4068: unknown pragma
d:\github\zilliqa-crypto\cw\libutils\rootcomputation.h(26): warning C4068: unknown pragma
d:\github\zilliqa-crypto\cw\libutils\rootcomputation.h(27): fatal error C1083: Cannot open include file: 'depends/libDatabase/MemoryDB.h': No such file or directory
  SanityChecks.cpp
d:\github\zilliqa-crypto\cw\libutils\logger.h(28): fatal error C1083: Cannot open include file: 'common/BaseType.h': No such file or directory
  Scheduler.cpp
  ShardSizeCalculator.cpp
d:\github\zilliqa-crypto\cw\libutils\shardsizecalculator.h(21): fatal error C1083: Cannot open include file: 'boost/algorithm/hex.hpp': No such file or directory
  SWInfo.cpp
d:\github\zilliqa-crypto\cw\libutils\swinfo.h(23): fatal error C1083: Cannot open include file: 'common/Serializable.h': No such file or directory
  TimeUtils.cpp
d:\github\zilliqa-crypto\cw\libutils\timeutils.cpp(20): fatal error C1083: Cannot open include file: 'depends/common/CommonIO.h': No such file or directory
  UpgradeManager.cpp
d:\github\zilliqa-crypto\cw\libutils\upgrademanager.h(21): fatal error C1083: Cannot open include file: 'curl/curl.h': No such file or directory
  Generating Code...
